<?xml version="1.0" encoding="UTF-8"?>
<!-- Generated by org.testng.reporters.JUnitXMLReporter -->
<testsuite ignored="0" hostname="DESKTOP-FNF43CG" failures="0" tests="1" name="Test" time="0.195" errors="0" timestamp="2025-07-29T12:32:34 IST">
  <testcase classname="testBase.BaseClass" name="@BeforeClass setup" time="-1.753772554389E9">
    <failure type="org.testng.TestNGException" message="
Parameter &amp;apos;OS&amp;apos; is required by BeforeClass on method setup but has not been marked @Optional or defined
in C:\Users\RAHUL\git\repository2\Opencart\testng.xml">
      <![CDATA[org.testng.TestNGException: 
Parameter 'OS' is required by BeforeClass on method setup but has not been marked @Optional or defined
in C:\Users\RAHUL\git\repository2\Opencart\testng.xml
at java.base/java.util.ArrayList.forEach(ArrayList.java:1596)
... Removed 22 stack frames]]>
    </failure>
  </testcase> <!-- @BeforeClass setup -->
  <testcase classname="testBase.BaseClass" name="@AfterClass tearDown" time="0.0">
    <skipped/>
  </testcase> <!-- @AfterClass tearDown -->
  <testcase classname="testCases.TC004_EdtPersonnelDetails" name="EditAccoutInformation" time="0.001">
    <skipped/>
  </testcase> <!-- EditAccoutInformation -->
</testsuite> <!-- Test -->
